<?xml version="1.0" encoding="UTF-8"?>
<testng-results ignored="0" total="1" passed="1" failed="0" skipped="0">
  <reporter-output>
  </reporter-output>
  <suite started-at="2024-04-21T21:16:46 IST" name="Default suite" finished-at="2024-04-21T21:17:03 IST" duration-ms="17286">
    <groups>
    </groups>
    <test started-at="2024-04-21T21:16:46 IST" name="Default test" finished-at="2024-04-21T21:17:03 IST" duration-ms="17286">
      <class name="com.cloudtest.LocalTestExecution">
        <test-method signature="OpenChromeBrowser()[pri:0, instance:com.cloudtest.LocalTestExecution@1da2cb77]" started-at="2024-04-21T21:16:46 IST" name="OpenChromeBrowser" finished-at="2024-04-21T21:17:03 IST" duration-ms="17257" status="PASS">
          <reporter-output>
          </reporter-output>
        </test-method> <!-- OpenChromeBrowser -->
      </class> <!-- com.cloudtest.LocalTestExecution -->
    </test> <!-- Default test -->
  </suite> <!-- Default suite -->
</testng-results>
