<?xml version="1.0" encoding="UTF-8"?>
<testng-results ignored="0" total="1" passed="1" failed="0" skipped="0">
  <reporter-output>
  </reporter-output>
  <suite started-at="2024-04-21T22:57:49 IST" name="Default suite" finished-at="2024-04-21T22:57:55 IST" duration-ms="5472">
    <groups>
    </groups>
    <test started-at="2024-04-21T22:57:49 IST" name="Default test" finished-at="2024-04-21T22:57:55 IST" duration-ms="5472">
      <class name="com.cloudtest.AmazonSearchTestCase">
        <test-method signature="AmazonDynamicSearchTest()[pri:0, instance:com.cloudtest.AmazonSearchTestCase@1da2cb77]" started-at="2024-04-21T22:57:49 IST" name="AmazonDynamicSearchTest" finished-at="2024-04-21T22:57:55 IST" duration-ms="5444" status="PASS">
          <reporter-output>
          </reporter-output>
        </test-method> <!-- AmazonDynamicSearchTest -->
      </class> <!-- com.cloudtest.AmazonSearchTestCase -->
    </test> <!-- Default test -->
  </suite> <!-- Default suite -->
</testng-results>
